2024-05-13 22:19:06,123 INFO  [main] com.tpe.SpringJwtApplication:Starting SpringJwtApplication using Java 18.0.2 on yupe with PID 142510 (/mnt/depo/Coding Projects/intelliJ_Workspace/233-234-235-JAVA-DEV-MOBILE-main/02_Backend/09- SpringSecurity/spring-jwt/target/classes started by yupe in /mnt/depo/Coding Projects/intelliJ_Workspace/233-234-235-JAVA-DEV-MOBILE-main/02_Backend/09- SpringSecurity/spring-jwt)
2024-05-13 22:19:06,127 INFO  [main] com.tpe.SpringJwtApplication:No active profile set, falling back to 1 default profile: "default"
2024-05-13 22:19:07,963 INFO  [main] org.springframework.data.repository.config.RepositoryConfigurationDelegate:Bootstrapping Spring Data JPA repositories in DEFAULT mode.
2024-05-13 22:19:08,088 INFO  [main] org.springframework.data.repository.config.RepositoryConfigurationDelegate:Finished Spring Data repository scanning in 109 ms. Found 2 JPA repository interfaces.
2024-05-13 22:19:09,442 INFO  [main] org.springframework.boot.web.embedded.tomcat.TomcatWebServer:Tomcat initialized with port(s): 8080 (http)
2024-05-13 22:19:09,458 INFO  [main] org.apache.catalina.core.StandardService:Starting service [Tomcat]
2024-05-13 22:19:09,459 INFO  [main] org.apache.catalina.core.StandardEngine:Starting Servlet engine: [Apache Tomcat/9.0.58]
2024-05-13 22:19:09,564 INFO  [main] org.apache.catalina.core.ContainerBase.[Tomcat].[localhost].[/]:Initializing Spring embedded WebApplicationContext
2024-05-13 22:19:09,564 INFO  [main] org.springframework.boot.web.servlet.context.ServletWebServerApplicationContext:Root WebApplicationContext: initialization completed in 3219 ms
2024-05-13 22:19:09,895 INFO  [main] org.hibernate.jpa.internal.util.LogHelper:HHH000204: Processing PersistenceUnitInfo [name: default]
2024-05-13 22:19:09,978 INFO  [main] org.hibernate.Version:HHH000412: Hibernate ORM core version 5.6.5.Final
2024-05-13 22:19:10,222 INFO  [main] org.hibernate.annotations.common.Version:HCANN000001: Hibernate Commons Annotations {5.1.2.Final}
2024-05-13 22:19:10,435 INFO  [main] com.zaxxer.hikari.HikariDataSource:HikariPool-1 - Starting...
2024-05-13 22:19:11,146 INFO  [main] com.zaxxer.hikari.HikariDataSource:HikariPool-1 - Start completed.
2024-05-13 22:19:11,170 INFO  [main] org.hibernate.dialect.Dialect:HHH000400: Using dialect: org.hibernate.dialect.PostgreSQLDialect
2024-05-13 22:19:12,524 INFO  [main] org.hibernate.engine.transaction.jta.platform.internal.JtaPlatformInitiator:HHH000490: Using JtaPlatform implementation: [org.hibernate.engine.transaction.jta.platform.internal.NoJtaPlatform]
2024-05-13 22:19:12,537 INFO  [main] org.springframework.orm.jpa.LocalContainerEntityManagerFactoryBean:Initialized JPA EntityManagerFactory for persistence unit 'default'
2024-05-13 22:19:13,294 WARN  [main] org.springframework.boot.autoconfigure.orm.jpa.JpaBaseConfiguration$JpaWebConfiguration:spring.jpa.open-in-view is enabled by default. Therefore, database queries may be performed during view rendering. Explicitly configure spring.jpa.open-in-view to disable this warning
2024-05-13 22:19:13,804 INFO  [main] org.springframework.security.web.DefaultSecurityFilterChain:Will not secure any request
2024-05-13 22:19:14,661 INFO  [main] org.springframework.boot.web.embedded.tomcat.TomcatWebServer:Tomcat started on port(s): 8080 (http) with context path ''
2024-05-13 22:19:14,686 INFO  [main] com.tpe.SpringJwtApplication:Started SpringJwtApplication in 10.213 seconds (JVM running for 12.266)
2024-05-13 22:23:23,056 INFO  [http-nio-8080-exec-1] org.apache.catalina.core.ContainerBase.[Tomcat].[localhost].[/]:Initializing Spring DispatcherServlet 'dispatcherServlet'
